2020-04-28 14:48:47.273[main]DEBUG com.fater.wds.dao.PolicyDao.queryPolicyList - ==>  Preparing: SELECT p.policy_id, p.type, p.start_date, p.end_date, p.premium_amount, p.status, c.customer_id, c.customer_last_name, c.customer_first_name, c.customer_street_address, c.customer_city, c.customer_state, c.customer_zipcode, c.customer_gender, c.customer_marital_status FROM policy p,customer c WHERE p.customer_id = ? and p.status=? AND p.customer_id=c.customer_id ORDER BY p.start_date; 
2020-04-28 14:48:47.314[main]DEBUG com.fater.wds.dao.PolicyDao.queryPolicyList - ==> Parameters: 4(Long), P(String)
2020-04-28 14:48:47.352[main]DEBUG com.fater.wds.dao.PolicyDao.queryPolicyList - <==      Total: 0
2020-04-28 16:12:01.522[main]DEBUG com.fater.wds.dao.HomeDao.queryHomeListByCondition - ==>  Preparing: SELECT h.home_id, h.home_purchase_date, h.home_purchase_value, h.home_area, h.home_type, h.auto_fire_notification, h.home_security_system, h.swimming_pool, h.basement FROM home h WHERE h.customer_id = ? and DATEDIFF(h.home_purchase_date,?) >=0 and DATEDIFF(?,h.home_purchase_date) >=0 and h.home_purchase_value >= ? and ? >= h.home_purchase_value and h.home_area >= ? and ? >= h.home_area ORDER BY h.home_purchase_date; 
2020-04-28 16:12:01.563[main]DEBUG com.fater.wds.dao.HomeDao.queryHomeListByCondition - ==> Parameters: 4(Long), null, null, null, null, 400.0(Float), null
2020-04-28 16:12:01.591[main]DEBUG com.fater.wds.dao.HomeDao.queryHomeListByCondition - <==      Total: 0
2020-04-28 16:13:30.182[main]DEBUG com.fater.wds.dao.HomeDao.queryHomeListByCondition - ==>  Preparing: SELECT h.home_id, h.home_purchase_date, h.home_purchase_value, h.home_area, h.home_type, h.auto_fire_notification, h.home_security_system, h.swimming_pool, h.basement FROM home h WHERE h.customer_id = ? and DATEDIFF(h.home_purchase_date,?) >=0 and DATEDIFF(?,h.home_purchase_date) >=0 and h.home_purchase_value >= ? and ? >= h.home_purchase_value and h.home_area >= ? and ? >= h.home_area ORDER BY h.home_purchase_date; 
2020-04-28 16:13:30.221[main]DEBUG com.fater.wds.dao.HomeDao.queryHomeListByCondition - ==> Parameters: 4(Long), null, null, null, null, 400.0(Float), null
2020-04-28 16:13:30.255[main]DEBUG com.fater.wds.dao.HomeDao.queryHomeListByCondition - <==      Total: 0
2020-04-28 16:23:31.836[main]DEBUG com.fater.wds.dao.PolicyDao.queryPolicyList - ==>  Preparing: SELECT p.policy_id, p.type, p.start_date, p.end_date, p.premium_amount, p.status, c.customer_id, c.customer_last_name, c.customer_first_name, c.customer_street_address, c.customer_city, c.customer_state, c.customer_zipcode, c.customer_gender, c.customer_marital_status FROM policy p,customer c WHERE p.customer_id = ? and p.status=? AND p.customer_id=c.customer_id ORDER BY p.start_date; 
2020-04-28 16:23:31.873[main]DEBUG com.fater.wds.dao.PolicyDao.queryPolicyList - ==> Parameters: 4(Long), P(String)
2020-04-28 16:23:31.907[main]DEBUG com.fater.wds.dao.PolicyDao.queryPolicyList - <==      Total: 0
2020-04-28 16:23:48.190[main]DEBUG com.fater.wds.dao.PolicyDao.queryPolicyList - ==>  Preparing: SELECT p.policy_id, p.type, p.start_date, p.end_date, p.premium_amount, p.status, c.customer_id, c.customer_last_name, c.customer_first_name, c.customer_street_address, c.customer_city, c.customer_state, c.customer_zipcode, c.customer_gender, c.customer_marital_status FROM policy p,customer c WHERE p.customer_id = ? and p.status=? AND p.customer_id=c.customer_id ORDER BY p.start_date; 
2020-04-28 16:23:48.228[main]DEBUG com.fater.wds.dao.PolicyDao.queryPolicyList - ==> Parameters: 4(Long), C(String)
2020-04-28 16:23:48.271[main]DEBUG com.fater.wds.dao.PolicyDao.queryPolicyList - <==      Total: 9
2020-04-28 16:25:13.698[main]DEBUG com.fater.wds.dao.HomeDao.queryHomeListByCondition - ==>  Preparing: SELECT h.home_id, h.home_purchase_date, h.home_purchase_value, h.home_area, h.home_type, h.auto_fire_notification, h.home_security_system, h.swimming_pool, h.basement FROM home h WHERE h.customer_id = ? ORDER BY h.home_purchase_date; 
2020-04-28 16:25:13.737[main]DEBUG com.fater.wds.dao.HomeDao.queryHomeListByCondition - ==> Parameters: 4(Long)
2020-04-28 16:25:13.777[main]DEBUG com.fater.wds.dao.HomeDao.queryHomeListByCondition - <==      Total: 6
2020-04-28 16:26:04.355[main]DEBUG com.fater.wds.dao.HomeDao.queryHomeListByCondition - ==>  Preparing: SELECT h.home_id, h.home_purchase_date, h.home_purchase_value, h.home_area, h.home_type, h.auto_fire_notification, h.home_security_system, h.swimming_pool, h.basement FROM home h WHERE h.customer_id = ? and DATEDIFF(h.home_purchase_date,?) >=0 ORDER BY h.home_purchase_date; 
2020-04-28 16:26:04.397[main]DEBUG com.fater.wds.dao.HomeDao.queryHomeListByCondition - ==> Parameters: 4(Long), null
2020-04-28 16:26:04.424[main]DEBUG com.fater.wds.dao.HomeDao.queryHomeListByCondition - <==      Total: 0
2020-04-28 16:34:55.204[main]DEBUG com.fater.wds.dao.HomeDao.queryHomeListByCondition - ==>  Preparing: SELECT h.home_id, h.home_purchase_date, h.home_purchase_value, h.home_area, h.home_type, h.auto_fire_notification, h.home_security_system, h.swimming_pool, h.basement FROM home h WHERE h.customer_id = ? ORDER BY h.home_purchase_date; 
2020-04-28 16:34:55.241[main]DEBUG com.fater.wds.dao.HomeDao.queryHomeListByCondition - ==> Parameters: 4(Long)
2020-04-28 16:34:55.272[main]DEBUG com.fater.wds.dao.HomeDao.queryHomeListByCondition - <==      Total: 6
2020-04-28 16:35:40.273[main]DEBUG com.fater.wds.dao.HomeDao.queryHomeListByCondition - ==>  Preparing: SELECT h.home_id, h.home_purchase_date, h.home_purchase_value, h.home_area, h.home_type, h.auto_fire_notification, h.home_security_system, h.swimming_pool, h.basement FROM home h WHERE h.customer_id = ? and h.home_area >= ? and ? >= h.home_area ORDER BY h.home_purchase_date; 
2020-04-28 16:35:40.318[main]DEBUG com.fater.wds.dao.HomeDao.queryHomeListByCondition - ==> Parameters: 4(Long), 400.0(Float), null
2020-04-28 16:35:40.342[main]DEBUG com.fater.wds.dao.HomeDao.queryHomeListByCondition - <==      Total: 0
2020-04-28 16:36:12.990[main]DEBUG com.fater.wds.dao.HomeDao.queryHomeListByCondition - ==>  Preparing: SELECT h.home_id, h.home_purchase_date, h.home_purchase_value, h.home_area, h.home_type, h.auto_fire_notification, h.home_security_system, h.swimming_pool, h.basement FROM home h WHERE h.customer_id = ? and h.home_area >= ? and ? >= h.home_area ORDER BY h.home_purchase_date; 
2020-04-28 16:36:13.033[main]DEBUG com.fater.wds.dao.HomeDao.queryHomeListByCondition - ==> Parameters: 4(Long), 400.0(Float), null
2020-04-28 16:36:13.072[main]DEBUG com.fater.wds.dao.HomeDao.queryHomeListByCondition - <==      Total: 0
2020-04-28 16:36:27.761[main]DEBUG com.fater.wds.dao.HomeDao.queryHomeListByCondition - ==>  Preparing: SELECT h.home_id, h.home_purchase_date, h.home_purchase_value, h.home_area, h.home_type, h.auto_fire_notification, h.home_security_system, h.swimming_pool, h.basement FROM home h WHERE h.customer_id = ? and h.home_area >= ? ORDER BY h.home_purchase_date; 
2020-04-28 16:36:27.805[main]DEBUG com.fater.wds.dao.HomeDao.queryHomeListByCondition - ==> Parameters: 4(Long), 400.0(Float)
2020-04-28 16:36:27.837[main]DEBUG com.fater.wds.dao.HomeDao.queryHomeListByCondition - <==      Total: 3
2020-04-28 16:36:44.138[main]DEBUG com.fater.wds.dao.HomeDao.queryHomeListByCondition - ==>  Preparing: SELECT h.home_id, h.home_purchase_date, h.home_purchase_value, h.home_area, h.home_type, h.auto_fire_notification, h.home_security_system, h.swimming_pool, h.basement FROM home h WHERE h.customer_id = ? and h.home_area >= ? ORDER BY h.home_purchase_date; 
2020-04-28 16:36:44.182[main]DEBUG com.fater.wds.dao.HomeDao.queryHomeListByCondition - ==> Parameters: 4(Long), 800.0(Float)
2020-04-28 16:36:44.212[main]DEBUG com.fater.wds.dao.HomeDao.queryHomeListByCondition - <==      Total: 3
2020-04-28 16:37:30.426[main]DEBUG com.fater.wds.dao.HomeDao.queryHomeListByCondition - ==>  Preparing: SELECT h.home_id, h.home_purchase_date, h.home_purchase_value, h.home_area, h.home_type, h.auto_fire_notification, h.home_security_system, h.swimming_pool, h.basement FROM home h WHERE h.customer_id = ? and h.home_area >= ? and ? >= h.home_area ORDER BY h.home_purchase_date; 
2020-04-28 16:37:30.464[main]DEBUG com.fater.wds.dao.HomeDao.queryHomeListByCondition - ==> Parameters: 4(Long), 800.0(Float), 900.0(Float)
2020-04-28 16:37:30.496[main]DEBUG com.fater.wds.dao.HomeDao.queryHomeListByCondition - <==      Total: 3
2020-04-28 18:05:50.559[main]DEBUG c.f.wds.dao.VehicleDao.queryVehicleListByCondition - ==>  Preparing: SELECT v.vehicle_id, v.vehicle_vin, v.vehicle_mmy, v.vehicle_status, v.customer_id FROM vehicle v WHERE v.customer_id = ? and h.vehicle_mmy REGEXP ? ORDER BY v.vehicle_id; 
2020-04-28 18:05:50.603[main]DEBUG c.f.wds.dao.VehicleDao.queryVehicleListByCondition - ==> Parameters: 4(Long), BMW(String)
2020-04-28 18:06:13.664[main]DEBUG c.f.wds.dao.VehicleDao.queryVehicleListByCondition - ==>  Preparing: SELECT v.vehicle_id, v.vehicle_vin, v.vehicle_mmy, v.vehicle_status, v.customer_id FROM vehicle v WHERE v.customer_id = ? and v.vehicle_mmy REGEXP ? ORDER BY v.vehicle_id; 
2020-04-28 18:06:13.710[main]DEBUG c.f.wds.dao.VehicleDao.queryVehicleListByCondition - ==> Parameters: 4(Long), BMW(String)
2020-04-28 18:06:13.739[main]DEBUG c.f.wds.dao.VehicleDao.queryVehicleListByCondition - <==      Total: 0
2020-04-28 18:06:48.147[main]DEBUG c.f.wds.dao.VehicleDao.queryVehicleListByCondition - ==>  Preparing: SELECT v.vehicle_id, v.vehicle_vin, v.vehicle_mmy, v.vehicle_status, v.customer_id FROM vehicle v WHERE v.customer_id = ? and v.vehicle_mmy REGEXP ? ORDER BY v.vehicle_id; 
2020-04-28 18:06:48.190[main]DEBUG c.f.wds.dao.VehicleDao.queryVehicleListByCondition - ==> Parameters: 4(Long), BMW(String)
2020-04-28 18:06:48.222[main]DEBUG c.f.wds.dao.VehicleDao.queryVehicleListByCondition - <==      Total: 2
2020-04-28 18:07:51.245[main]DEBUG c.f.wds.dao.VehicleDao.queryVehicleListByCondition - ==>  Preparing: SELECT v.vehicle_id, v.vehicle_vin, v.vehicle_mmy, v.vehicle_status, v.customer_id FROM vehicle v WHERE v.customer_id = ? and v.vehicle_vin REGEXP ? ORDER BY v.vehicle_id; 
2020-04-28 18:07:51.288[main]DEBUG c.f.wds.dao.VehicleDao.queryVehicleListByCondition - ==> Parameters: 4(Long), HGB(String)
2020-04-28 18:07:51.328[main]DEBUG c.f.wds.dao.VehicleDao.queryVehicleListByCondition - <==      Total: 7
